<?xml version="1.0" encoding="UTF-8"?>
<!-- Generated by org.testng.reporters.JUnitReportReporter -->
<testsuite hostname="DESKTOP-O4GG0I0" failures="0" tests="2" name="aliprojects.Mavenjava.restAPITEST" time="0.094" errors="0" timestamp="2020-07-10T17:46:35 IST" skipped="0">
  <testcase classname="aliprojects.Mavenjava.restAPITEST" name="restAPITEST2" time="0.013"/>
  <system-out/>
  <testcase classname="aliprojects.Mavenjava.restAPITEST" name="restAPITEST1" time="0.081"/>
  <system-out/>
</testsuite> <!-- aliprojects.Mavenjava.restAPITEST -->
