<?xml version="1.0" encoding="UTF-8"?>
<!-- Generated by org.testng.reporters.JUnitReportReporter -->
<testsuite hostname="DESKTOP-O4GG0I0" failures="0" tests="2" name="aliprojects.Mavenjava.seleniumJava" time="0.023" errors="0" timestamp="2020-07-10T17:46:35 IST" skipped="0">
  <testcase classname="aliprojects.Mavenjava.seleniumJava" name="selenium1" time="0.014"/>
  <system-out/>
  <testcase classname="aliprojects.Mavenjava.seleniumJava" name="selenium2" time="0.009"/>
  <system-out/>
</testsuite> <!-- aliprojects.Mavenjava.seleniumJava -->
