<?xml version="1.0" encoding="UTF-8"?>
<!-- Generated by org.testng.reporters.JUnitReportReporter -->
<testsuite hostname="DESKTOP-O4GG0I0" failures="0" tests="2" name="aliprojects.Mavenjava.appiumTest" time="0.010" errors="0" timestamp="2020-07-10T18:31:41 IST" skipped="0">
  <testcase classname="aliprojects.Mavenjava.appiumTest" name="appiumTest1" time="0.010"/>
  <system-out/>
  <testcase classname="aliprojects.Mavenjava.appiumTest" name="appiumTest2" time="0.000"/>
  <system-out/>
</testsuite> <!-- aliprojects.Mavenjava.appiumTest -->
